Base path: /Applications/Unity/Unity.app/Contents
Pipe name: \\.\pipe\UnityShaderCompiler-1--1600167512
Cmd: getPlatforms
Cmd: preprocess
  insize=2483 outsize=1166 ok=1
Cmd: compileSnippet
  api=0 type=0 insize=1623 outsize=652 kw= ok=1
Cmd: compileSnippet
  api=0 type=1 insize=1623 outsize=496 kw= ok=1
Cmd: preprocess
  insize=4287 outsize=261 ok=1
Cmd: compileSnippet
  api=0 type=0 insize=4328 outsize=2514 kw= ok=1
Cmd: compileSnippet
  api=0 type=1 insize=4328 outsize=463 kw= ok=1
Cmd: preprocess
  insize=5012 outsize=371 ok=1
Cmd: compileSnippet
  api=0 type=0 insize=4944 outsize=3097 kw= ok=1
Cmd: compileSnippet
  api=0 type=1 insize=4944 outsize=863 kw= ok=1
